<?xml version="1.0" encoding="UTF-8"?>
<Site BuildName="(empty)"
	BuildStamp="20200820-1756-Experimental"
	Name="(empty)"
	Generator="ctest-3.18.1"
	CompilerName=""
	CompilerVersion=""
	OSName="Linux"
	Hostname="noisy-cricket"
	OSRelease="5.0.0-37-generic"
	OSVersion="#40~18.04.1-Ubuntu SMP Thu Nov 14 12:06:39 UTC 2019"
	OSPlatform="x86_64"
	Is64Bits="1"
	VendorString="GenuineIntel"
	VendorID="Intel Corporation"
	FamilyID="6"
	ModelID="158"
	ProcessorCacheSize="16384"
	NumberOfLogicalCPU="16"
	NumberOfPhysicalCPU="8"
	TotalVirtualMemory="2047"
	TotalPhysicalMemory="128682"
	LogicalProcessorsPerPhysical="2"
	ProcessorClockFrequency="1928.13"
	>
	<Testing>
		<StartDateTime>Aug 20 10:56 PDT</StartDateTime>
		<StartTestTime>1597946189</StartTestTime>
		<TestList/>
		<EndDateTime>Aug 20 10:56 PDT</EndDateTime>
		<EndTestTime>1597946189</EndTestTime>
		<ElapsedMinutes>0</ElapsedMinutes>
	</Testing>
</Site>
